c:\users\happy\documents\visual studio 2015\projects\android2\x86\debug\libandroid1.so.recipe
c:\users\happy\documents\visual studio 2015\projects\android2\android1\android1.nativeactivity\x86\debug\pch.h.gch
c:\users\happy\documents\visual studio 2015\projects\android2\android1\android1.nativeactivity\x86\debug\png.o
c:\users\happy\documents\visual studio 2015\projects\android2\android1\android1.nativeactivity\x86\debug\pngerror.o
c:\users\happy\documents\visual studio 2015\projects\android2\android1\android1.nativeactivity\x86\debug\pngget.o
c:\users\happy\documents\visual studio 2015\projects\android2\android1\android1.nativeactivity\x86\debug\pngmem.o
c:\users\happy\documents\visual studio 2015\projects\android2\android1\android1.nativeactivity\x86\debug\pngpread.o
c:\users\happy\documents\visual studio 2015\projects\android2\android1\android1.nativeactivity\x86\debug\pngread.o
c:\users\happy\documents\visual studio 2015\projects\android2\android1\android1.nativeactivity\x86\debug\pngrio.o
c:\users\happy\documents\visual studio 2015\projects\android2\android1\android1.nativeactivity\x86\debug\pngrtran.o
c:\users\happy\documents\visual studio 2015\projects\android2\android1\android1.nativeactivity\x86\debug\pngrutil.o
c:\users\happy\documents\visual studio 2015\projects\android2\android1\android1.nativeactivity\x86\debug\pngset.o
c:\users\happy\documents\visual studio 2015\projects\android2\android1\android1.nativeactivity\x86\debug\pngtest.o
c:\users\happy\documents\visual studio 2015\projects\android2\android1\android1.nativeactivity\x86\debug\pngtrans.o
c:\users\happy\documents\visual studio 2015\projects\android2\android1\android1.nativeactivity\x86\debug\pngwio.o
c:\users\happy\documents\visual studio 2015\projects\android2\android1\android1.nativeactivity\x86\debug\pngwrite.o
c:\users\happy\documents\visual studio 2015\projects\android2\android1\android1.nativeactivity\x86\debug\pngwtran.o
c:\users\happy\documents\visual studio 2015\projects\android2\android1\android1.nativeactivity\x86\debug\pngwutil.o
c:\users\happy\documents\visual studio 2015\projects\android2\android1\android1.nativeactivity\x86\debug\android_native_app_glue.o
c:\users\happy\documents\visual studio 2015\projects\android2\android1\android1.nativeactivity\x86\debug\camera.o
c:\users\happy\documents\visual studio 2015\projects\android2\android1\android1.nativeactivity\x86\debug\main.o
c:\users\happy\documents\visual studio 2015\projects\android2\android1\android1.nativeactivity\x86\debug\cube.o
c:\users\happy\documents\visual studio 2015\projects\android2\android1\android1.nativeactivity\x86\debug\libandroid1.so
c:\users\happy\documents\visual studio 2015\projects\android2\x86\debug\libandroid1.so
c:\users\happy\documents\visual studio 2015\projects\android2\android1\android1.nativeactivity\x86\debug\android1.67c771e1.tlog\android1.nativeactivity.write.1u.tlog
c:\users\happy\documents\visual studio 2015\projects\android2\android1\android1.nativeactivity\x86\debug\android1.67c771e1.tlog\clang.command.1.tlog
c:\users\happy\documents\visual studio 2015\projects\android2\android1\android1.nativeactivity\x86\debug\android1.67c771e1.tlog\microsoft.build.cpptasks.clangcompile.read.1.tlog
c:\users\happy\documents\visual studio 2015\projects\android2\android1\android1.nativeactivity\x86\debug\android1.67c771e1.tlog\microsoft.build.cpptasks.clangcompile.write.1.tlog
c:\users\happy\documents\visual studio 2015\projects\android2\android1\android1.nativeactivity\x86\debug\android1.67c771e1.tlog\microsoft.build.cpptasks.clanglink.read.1.tlog
c:\users\happy\documents\visual studio 2015\projects\android2\android1\android1.nativeactivity\x86\debug\android1.67c771e1.tlog\microsoft.build.cpptasks.clanglink.write.1.tlog
